This is pdfTeX, Version 3.141592-1.40.3 (Web2C 7.5.6) (format=latex 2009.2.10)  31 MAR 2009 17:17
entering extended mode
**api.tex
(./api.tex
LaTeX2e <2005/12/01>
Babel <v3.8h> and hyphenation patterns for english, usenglishmax, dumylang, noh
yphenation, arabic, basque, bulgarian, coptic, welsh, czech, slovak, german, ng
erman, danish, esperanto, spanish, catalan, galician, estonian, farsi, finnish,
 french, greek, monogreek, ancientgreek, croatian, hungarian, interlingua, ibyc
us, indonesian, icelandic, italian, latin, mongolian, dutch, norsk, polish, por
tuguese, pinyin, romanian, russian, slovenian, uppersorbian, serbian, swedish, 
turkish, ukenglish, ukrainian, loaded.
(/opt/local/share/texmf-dist/tex/latex/base/article.cls
Document Class: article 2005/09/16 v1.4f Standard LaTeX document class
(/opt/local/share/texmf-dist/tex/latex/base/size10.clo
File: size10.clo 2005/09/16 v1.4f Standard LaTeX file (size option)
)
\c@part=\count79
\c@section=\count80
\c@subsection=\count81
\c@subsubsection=\count82
\c@paragraph=\count83
\c@subparagraph=\count84
\c@figure=\count85
\c@table=\count86
\abovecaptionskip=\skip41
\belowcaptionskip=\skip42
\bibindent=\dimen102
)
(/opt/local/share/texmf-dist/tex/latex/base/alltt.sty
Package: alltt 1997/06/16 v2.0g defines alltt environment
)
(/opt/local/share/texmf-dist/tex/latex/ltxmisc/parskip.sty
Package: parskip 2001/04/09 non-zero parskip adjustments
)
(/opt/local/share/texmf-dist/tex/latex/fancyhdr/fancyhdr.sty
\fancy@headwidth=\skip43
\f@ncyO@elh=\skip44
\f@ncyO@erh=\skip45
\f@ncyO@olh=\skip46
\f@ncyO@orh=\skip47
\f@ncyO@elf=\skip48
\f@ncyO@erf=\skip49
\f@ncyO@olf=\skip50
\f@ncyO@orf=\skip51
)
(/opt/local/share/texmf-dist/tex/latex/ltxmisc/boxedminipage.sty)
(/opt/local/share/texmf-dist/tex/latex/base/makeidx.sty
Package: makeidx 2000/03/29 v1.0m Standard LaTeX package
)
(/opt/local/share/texmf-dist/tex/latex/multirow/multirow.sty
\bigstrutjot=\dimen103
)
(/opt/local/share/texmf-dist/tex/latex/tools/longtable.sty
Package: longtable 2004/02/01 v4.11 Multi-page Table package (DPC)
\LTleft=\skip52
\LTright=\skip53
\LTpre=\skip54
\LTpost=\skip55
\LTchunksize=\count87
\LTcapwidth=\dimen104
\LT@head=\box26
\LT@firsthead=\box27
\LT@foot=\box28
\LT@lastfoot=\box29
\LT@cols=\count88
\LT@rows=\count89
\c@LT@tables=\count90
\c@LT@chunks=\count91
\LT@p@ftn=\toks14
)
(/opt/local/share/texmf-dist/tex/latex/tocbibind/tocbibind.sty
Package: tocbibind 2003/03/13 v1.5g extra ToC listings


Package tocbibind Note: The document has section divisions.


Package tocbibind Note: Using section or other style headings.

) (/opt/local/share/texmf-dist/tex/latex/amsfonts/amssymb.sty
Package: amssymb 2002/01/22 v2.2d

(/opt/local/share/texmf-dist/tex/latex/amsfonts/amsfonts.sty
Package: amsfonts 2001/10/25 v2.2f
\@emptytoks=\toks15
\symAMSa=\mathgroup4
\symAMSb=\mathgroup5
LaTeX Font Info:    Overwriting math alphabet `\mathfrak' in version `bold'
(Font)                  U/euf/m/n --> U/euf/b/n on input line 132.
))
(/opt/local/share/texmf-dist/tex/latex/preprint/fullpage.sty
Package: fullpage 1999/02/23 1.1 (PWD)
\FP@margin=\skip56
)
(/opt/local/share/texmf-dist/tex/latex/graphics/color.sty
Package: color 2005/11/14 v1.0j Standard LaTeX Color (DPC)

(/opt/local/share/texmf/tex/latex/config/color.cfg
File: color.cfg 2007/01/18 v1.5 color configuration of teTeX/TeXLive
)
Package color Info: Driver file: dvips.def on input line 130.

(/opt/local/share/texmf-dist/tex/latex/graphics/dvips.def
File: dvips.def 1999/02/16 v3.0i Driver-dependant file (DPC,SPQR)
)
(/opt/local/share/texmf-dist/tex/latex/graphics/dvipsnam.def
File: dvipsnam.def 1999/02/16 v3.0i Driver-dependant file (DPC,SPQR)
))
\BCL=\skip57
Package color Info: Redefining color py@inputcolour on input line 35.
\funcindent=\skip58
\funcwidth=\skip59
\varindent=\skip60
\varnamewidth=\skip61
\vardescrwidth=\skip62
\varwidth=\skip63

(/opt/local/share/texmf-dist/tex/latex/base/inputenc.sty
Package: inputenc 2006/05/05 v1.1b Input encoding file
\inpenc@prehook=\toks16
\inpenc@posthook=\toks17

(/opt/local/share/texmf-dist/tex/latex/base/utf8.def
File: utf8.def 2006/03/30 v1.1i UTF-8 support for inputenc
Now handling font encoding OML ...
... no UTF-8 mapping file for font encoding OML
Now handling font encoding T1 ...
... processing UTF-8 mapping file for font encodingT1

(/opt/local/share/texmf-dist/tex/latex/base/t1enc.dfu
File: t1enc.dfu 2006/03/30 v1.1i UTF-8 support for inputenc
   defining Unicode char U+00A1 (decimal 161)
   defining Unicode char U+00A3 (decimal 163)
   defining Unicode char U+00AB (decimal 171)
   defining Unicode char U+00BB (decimal 187)
   defining Unicode char U+00BF (decimal 191)
   defining Unicode char U+00C0 (decimal 192)
   defining Unicode char U+00C1 (decimal 193)
   defining Unicode char U+00C2 (decimal 194)
   defining Unicode char U+00C3 (decimal 195)
   defining Unicode char U+00C4 (decimal 196)
   defining Unicode char U+00C5 (decimal 197)
   defining Unicode char U+00C6 (decimal 198)
   defining Unicode char U+00C7 (decimal 199)
   defining Unicode char U+00C8 (decimal 200)
   defining Unicode char U+00C9 (decimal 201)
   defining Unicode char U+00CA (decimal 202)
   defining Unicode char U+00CB (decimal 203)
   defining Unicode char U+00CC (decimal 204)
   defining Unicode char U+00CD (decimal 205)
   defining Unicode char U+00CE (decimal 206)
   defining Unicode char U+00CF (decimal 207)
   defining Unicode char U+00D0 (decimal 208)
   defining Unicode char U+00D1 (decimal 209)
   defining Unicode char U+00D2 (decimal 210)
   defining Unicode char U+00D3 (decimal 211)
   defining Unicode char U+00D4 (decimal 212)
   defining Unicode char U+00D5 (decimal 213)
   defining Unicode char U+00D6 (decimal 214)
   defining Unicode char U+00D8 (decimal 216)
   defining Unicode char U+00D9 (decimal 217)
   defining Unicode char U+00DA (decimal 218)
   defining Unicode char U+00DB (decimal 219)
   defining Unicode char U+00DC (decimal 220)
   defining Unicode char U+00DD (decimal 221)
   defining Unicode char U+00DE (decimal 222)
   defining Unicode char U+00DF (decimal 223)
   defining Unicode char U+00E0 (decimal 224)
   defining Unicode char U+00E1 (decimal 225)
   defining Unicode char U+00E2 (decimal 226)
   defining Unicode char U+00E3 (decimal 227)
   defining Unicode char U+00E4 (decimal 228)
   defining Unicode char U+00E5 (decimal 229)
   defining Unicode char U+00E6 (decimal 230)
   defining Unicode char U+00E7 (decimal 231)
   defining Unicode char U+00E8 (decimal 232)
   defining Unicode char U+00E9 (decimal 233)
   defining Unicode char U+00EA (decimal 234)
   defining Unicode char U+00EB (decimal 235)
   defining Unicode char U+00EC (decimal 236)
   defining Unicode char U+00ED (decimal 237)
   defining Unicode char U+00EE (decimal 238)
   defining Unicode char U+00EF (decimal 239)
   defining Unicode char U+00F0 (decimal 240)
   defining Unicode char U+00F1 (decimal 241)
   defining Unicode char U+00F2 (decimal 242)
   defining Unicode char U+00F3 (decimal 243)
   defining Unicode char U+00F4 (decimal 244)
   defining Unicode char U+00F5 (decimal 245)
   defining Unicode char U+00F6 (decimal 246)
   defining Unicode char U+00F8 (decimal 248)
   defining Unicode char U+00F9 (decimal 249)
   defining Unicode char U+00FA (decimal 250)
   defining Unicode char U+00FB (decimal 251)
   defining Unicode char U+00FC (decimal 252)
   defining Unicode char U+00FD (decimal 253)
   defining Unicode char U+00FE (decimal 254)
   defining Unicode char U+00FF (decimal 255)
   defining Unicode char U+0102 (decimal 258)
   defining Unicode char U+0103 (decimal 259)
   defining Unicode char U+0104 (decimal 260)
   defining Unicode char U+0105 (decimal 261)
   defining Unicode char U+0106 (decimal 262)
   defining Unicode char U+0107 (decimal 263)
   defining Unicode char U+010C (decimal 268)
   defining Unicode char U+010D (decimal 269)
   defining Unicode char U+010E (decimal 270)
   defining Unicode char U+010F (decimal 271)
   defining Unicode char U+0110 (decimal 272)
   defining Unicode char U+0111 (decimal 273)
   defining Unicode char U+0118 (decimal 280)
   defining Unicode char U+0119 (decimal 281)
   defining Unicode char U+011A (decimal 282)
   defining Unicode char U+011B (decimal 283)
   defining Unicode char U+011E (decimal 286)
   defining Unicode char U+011F (decimal 287)
   defining Unicode char U+0130 (decimal 304)
   defining Unicode char U+0131 (decimal 305)
   defining Unicode char U+0132 (decimal 306)
   defining Unicode char U+0133 (decimal 307)
   defining Unicode char U+0139 (decimal 313)
   defining Unicode char U+013A (decimal 314)
   defining Unicode char U+013D (decimal 317)
   defining Unicode char U+013E (decimal 318)
   defining Unicode char U+0141 (decimal 321)
   defining Unicode char U+0142 (decimal 322)
   defining Unicode char U+0143 (decimal 323)
   defining Unicode char U+0144 (decimal 324)
   defining Unicode char U+0147 (decimal 327)
   defining Unicode char U+0148 (decimal 328)
   defining Unicode char U+014A (decimal 330)
   defining Unicode char U+014B (decimal 331)
   defining Unicode char U+0150 (decimal 336)
   defining Unicode char U+0151 (decimal 337)
   defining Unicode char U+0152 (decimal 338)
   defining Unicode char U+0153 (decimal 339)
   defining Unicode char U+0154 (decimal 340)
   defining Unicode char U+0155 (decimal 341)
   defining Unicode char U+0158 (decimal 344)
   defining Unicode char U+0159 (decimal 345)
   defining Unicode char U+015A (decimal 346)
   defining Unicode char U+015B (decimal 347)
   defining Unicode char U+015E (decimal 350)
   defining Unicode char U+015F (decimal 351)
   defining Unicode char U+0160 (decimal 352)
   defining Unicode char U+0161 (decimal 353)
   defining Unicode char U+0162 (decimal 354)
   defining Unicode char U+0163 (decimal 355)
   defining Unicode char U+0164 (decimal 356)
   defining Unicode char U+0165 (decimal 357)
   defining Unicode char U+016E (decimal 366)
   defining Unicode char U+016F (decimal 367)
   defining Unicode char U+0170 (decimal 368)
   defining Unicode char U+0171 (decimal 369)
   defining Unicode char U+0178 (decimal 376)
   defining Unicode char U+0179 (decimal 377)
   defining Unicode char U+017A (decimal 378)
   defining Unicode char U+017B (decimal 379)
   defining Unicode char U+017C (decimal 380)
   defining Unicode char U+017D (decimal 381)
   defining Unicode char U+017E (decimal 382)
   defining Unicode char U+200C (decimal 8204)
   defining Unicode char U+2013 (decimal 8211)
   defining Unicode char U+2014 (decimal 8212)
   defining Unicode char U+2018 (decimal 8216)
   defining Unicode char U+2019 (decimal 8217)
   defining Unicode char U+201A (decimal 8218)
   defining Unicode char U+201C (decimal 8220)
   defining Unicode char U+201D (decimal 8221)
   defining Unicode char U+201E (decimal 8222)
   defining Unicode char U+2030 (decimal 8240)
   defining Unicode char U+2031 (decimal 8241)
   defining Unicode char U+2039 (decimal 8249)
   defining Unicode char U+203A (decimal 8250)
   defining Unicode char U+2423 (decimal 9251)
)
Now handling font encoding OT1 ...
... processing UTF-8 mapping file for font encodingOT1

(/opt/local/share/texmf-dist/tex/latex/base/ot1enc.dfu
File: ot1enc.dfu 2006/03/30 v1.1i UTF-8 support for inputenc
   defining Unicode char U+00A1 (decimal 161)
   defining Unicode char U+00A3 (decimal 163)
   defining Unicode char U+00B8 (decimal 184)
   defining Unicode char U+00BF (decimal 191)
   defining Unicode char U+00C5 (decimal 197)
   defining Unicode char U+00C6 (decimal 198)
   defining Unicode char U+00D8 (decimal 216)
   defining Unicode char U+00DF (decimal 223)
   defining Unicode char U+00E6 (decimal 230)
   defining Unicode char U+00EC (decimal 236)
   defining Unicode char U+00ED (decimal 237)
   defining Unicode char U+00EE (decimal 238)
   defining Unicode char U+00EF (decimal 239)
   defining Unicode char U+00F8 (decimal 248)
   defining Unicode char U+0131 (decimal 305)
   defining Unicode char U+0141 (decimal 321)
   defining Unicode char U+0142 (decimal 322)
   defining Unicode char U+0152 (decimal 338)
   defining Unicode char U+0153 (decimal 339)
   defining Unicode char U+2013 (decimal 8211)
   defining Unicode char U+2014 (decimal 8212)
   defining Unicode char U+2018 (decimal 8216)
   defining Unicode char U+2019 (decimal 8217)
   defining Unicode char U+201C (decimal 8220)
   defining Unicode char U+201D (decimal 8221)
)
Now handling font encoding OMS ...
... processing UTF-8 mapping file for font encodingOMS

(/opt/local/share/texmf-dist/tex/latex/base/omsenc.dfu
File: omsenc.dfu 2006/03/30 v1.1i UTF-8 support for inputenc
   defining Unicode char U+00A7 (decimal 167)
   defining Unicode char U+00B6 (decimal 182)
   defining Unicode char U+00B7 (decimal 183)
   defining Unicode char U+2020 (decimal 8224)
   defining Unicode char U+2021 (decimal 8225)
   defining Unicode char U+2022 (decimal 8226)
)
Now handling font encoding OMX ...
... no UTF-8 mapping file for font encoding OMX
Now handling font encoding U ...
... no UTF-8 mapping file for font encoding U
   defining Unicode char U+00A9 (decimal 169)
   defining Unicode char U+00AA (decimal 170)
   defining Unicode char U+00AE (decimal 174)
   defining Unicode char U+00BA (decimal 186)
   defining Unicode char U+02C6 (decimal 710)
   defining Unicode char U+02DC (decimal 732)
   defining Unicode char U+200C (decimal 8204)
   defining Unicode char U+2026 (decimal 8230)
   defining Unicode char U+2122 (decimal 8482)
   defining Unicode char U+2423 (decimal 9251)
))
(/opt/local/share/texmf-dist/tex/latex/hyperref/hyperref.sty
Package: hyperref 2007/02/07 v6.75r Hypertext links for LaTeX

(/opt/local/share/texmf-dist/tex/latex/graphics/keyval.sty
Package: keyval 1999/03/16 v1.13 key=value parser (DPC)
\KV@toks@=\toks18
)
\@linkdim=\dimen105
\Hy@linkcounter=\count92
\Hy@pagecounter=\count93

(/opt/local/share/texmf-dist/tex/latex/hyperref/pd1enc.def
File: pd1enc.def 2007/02/07 v6.75r Hyperref: PDFDocEncoding definition (HO)
Now handling font encoding PD1 ...
... no UTF-8 mapping file for font encoding PD1
)
(/opt/local/share/texmf/tex/latex/config/hyperref.cfg
File: hyperref.cfg 2002/06/06 v1.2 hyperref configuration of TeXLive
)
(/opt/local/share/texmf-dist/tex/latex/oberdiek/kvoptions.sty
Package: kvoptions 2006/08/22 v2.4 Connects package keyval with LaTeX options (
HO)
)
Package hyperref Info: Option `bookmarks' set `true' on input line 2238.
Package hyperref Info: Option `bookmarksopen' set `false' on input line 2238.
Package hyperref Info: Option `colorlinks' set `true' on input line 2238.
Package hyperref Info: Hyper figures OFF on input line 2288.
Package hyperref Info: Link nesting OFF on input line 2293.
Package hyperref Info: Hyper index ON on input line 2296.
Package hyperref Info: Plain pages OFF on input line 2303.
Package hyperref Info: Backreferencing ON on input line 2306.

Implicit mode ON; LaTeX internals redefined
Package hyperref Info: Bookmarks ON on input line 2444.
(/opt/local/share/texmf-dist/tex/latex/hyperref/backref.sty
Package: backref 2006/10/06 v1.27 Bibliographical back referencing
)
(/opt/local/share/texmf-dist/tex/latex/ltxmisc/url.sty
\Urlmuskip=\muskip10
Package: url 2005/06/27  ver 3.2  Verb mode for urls, etc.
)
LaTeX Info: Redefining \url on input line 2599.
\Fld@menulength=\count94
\Field@Width=\dimen106
\Fld@charsize=\dimen107
\Choice@toks=\toks19
\Field@toks=\toks20
Package hyperref Info: Hyper figures OFF on input line 3102.
Package hyperref Info: Link nesting OFF on input line 3107.
Package hyperref Info: Hyper index ON on input line 3110.
Package hyperref Info: backreferencing ON on input line 3115.
Package hyperref Info: Link coloring ON on input line 3120.
\Hy@abspage=\count95
\c@Item=\count96
\c@Hfootnote=\count97
)
*hyperref using driver hdvips*
(/opt/local/share/texmf-dist/tex/latex/hyperref/hdvips.def
File: hdvips.def 2007/02/07 v6.75r Hyperref driver for dvips

(/opt/local/share/texmf-dist/tex/latex/hyperref/pdfmark.def
File: pdfmark.def 2007/02/07 v6.75r Hyperref definitions for pdfmark specials
\pdf@docset=\toks21
\pdf@box=\box30
\pdf@toks=\toks22
\pdf@defaulttoks=\toks23
\Fld@listcount=\count98
))
\@indexfile=\write3
\openout3 = `api.idx'.


Writing index file api.idx
(./api.aux (./Classes-module.aux) (./Classes.DotData-module.aux)
(./Operations.DotDataFunctions-module.aux)
(./Operations.DotDataFunctions.AppendDotData-module.aux)
(./Operations.DotDataFunctions.DictionaryOps-module.aux)
(./Operations.DotDataFunctions.DotDataListFromDirectory-module.aux)
(./Operations.DotDataFunctions.DotDataListFromSV-module.aux)
(./Operations.DotDataFunctions.InferColoring-module.aux)
(./Operations.DotDataFunctions.SaveColumnsInDotData-module.aux)
(./Operations.DotDataFunctions.SaveDotData-module.aux)
(./Operations.DotDataFunctions.SaveDotDataAsSV-module.aux)
(./Operations.DotDataFunctions.datahstack-module.aux)
(./Operations.DotDataFunctions.datavstack-module.aux) (./System-module.aux)
(./System.Colors-module.aux) (./System.Gmail-module.aux)
(./System.LinkManagement-module.aux) (./System.MetaData-module.aux)
(./System.Protocols-module.aux) (./System.SVNOperations-module.aux)
(./System.Scriptification-module.aux) (./System.StaticAnalysis-module.aux)
(./System.Storage-module.aux) (./System.SystemGraphOperations-module.aux)
(./System.Update-module.aux) (./System.Utils-module.aux)
(./System.Web-module.aux) (./System.Web.DotData2Html-module.aux)
(./System.Web.HTMLCreators-module.aux) (./System.Web.Tabular2Html-module.aux)
(./System.Web.Tabular2HtmlOld-module.aux)
(./System.Web.WebRepresentations-module.aux) (./System.Web.py2html-module.aux)
(./System.Web.text2html-module.aux) (./System.config-module.aux)
(./System.config.SetupFunctions-module.aux) (./System.extraction-module.aux)
(./System.system_io_override-module.aux))
\openout1 = `api.aux'.

LaTeX Font Info:    Checking defaults for OML/cmm/m/it on input line 80.
LaTeX Font Info:    ... okay on input line 80.
LaTeX Font Info:    Checking defaults for T1/cmr/m/n on input line 80.
LaTeX Font Info:    ... okay on input line 80.
LaTeX Font Info:    Checking defaults for OT1/cmr/m/n on input line 80.
LaTeX Font Info:    ... okay on input line 80.
LaTeX Font Info:    Checking defaults for OMS/cmsy/m/n on input line 80.
LaTeX Font Info:    ... okay on input line 80.
LaTeX Font Info:    Checking defaults for OMX/cmex/m/n on input line 80.
LaTeX Font Info:    ... okay on input line 80.
LaTeX Font Info:    Checking defaults for U/cmr/m/n on input line 80.
LaTeX Font Info:    ... okay on input line 80.
LaTeX Font Info:    Checking defaults for PD1/pdf/m/n on input line 80.
LaTeX Font Info:    ... okay on input line 80.
Package hyperref Info: Link coloring ON on input line 80.

(/opt/local/share/texmf-dist/tex/latex/hyperref/nameref.sty
Package: nameref 2006/12/27 v2.28 Cross-referencing by name of section

(/opt/local/share/texmf-dist/tex/latex/oberdiek/refcount.sty
Package: refcount 2006/02/20 v3.0 Data extraction from references (HO)
)
\c@section@level=\count99
)
LaTeX Info: Redefining \ref on input line 80.
LaTeX Info: Redefining \pageref on input line 80.
 (./api.out)
(./api.out)
\@outlinefile=\write4
\openout4 = `api.out'.

LaTeX Font Info:    Try loading font information for U+msa on input line 95.
 (/opt/local/share/texmf-dist/tex/latex/amsfonts/umsa.fd
File: umsa.fd 2002/01/19 v2.2g AMS font definitions
)
LaTeX Font Info:    Try loading font information for U+msb on input line 95.

(/opt/local/share/texmf-dist/tex/latex/amsfonts/umsb.fd
File: umsb.fd 2002/01/19 v2.2g AMS font definitions
) (./api.toc [1

]
[2])
\tf@toc=\write5
\openout5 = `api.toc'.

 [3]
\openout2 = `Classes-module.aux'.

 (./Classes-module.tex
LaTeX Font Info:    Try loading font information for OMS+cmr on input line 26.

(/opt/local/share/texmf-dist/tex/latex/base/omscmr.fd
File: omscmr.fd 1999/05/25 v2.5h Standard LaTeX font definitions
)
LaTeX Font Info:    Font shape `OMS/cmr/m/n' in size <10> not available
(Font)              Font shape `OMS/cmsy/m/n' tried instead on input line 26.
) [4

]
\openout2 = `Classes.DotData-module.aux'.


(./Classes.DotData-module.tex [5


]
Overfull \hbox (13.27678pt too wide) in paragraph at lines 159--159
[]\OT1/cmtt/m/n/10 See http://en.wikipedia.org/wiki/Pivot[]table for informatio
n about pivot tables.[] 
 []

[6]
Overfull \hbox (1.74205pt too wide) in paragraph at lines 215--225
[] 
 []


Overfull \hbox (4.24687pt too wide) in paragraph at lines 256--256
[]     \OT1/cmtt/m/n/10 The new DotData is a separate object from all parts of 
the original data.[] 
 []


Overfull \hbox (4.24687pt too wide) in paragraph at lines 264--264
[]        \OT1/cmtt/m/n/10 - from list of records (Records arg), where each rec
ord is represented[] 
 []


Overfull \hbox (14.74678pt too wide) in paragraph at lines 288--288
[]             \OT1/cmtt/m/n/10 (list of strings), or as the 'dtype' argument (
numpy.dtype object).[] 
 []


Overfull \hbox (72.49628pt too wide) in paragraph at lines 290--290
[]       \OT1/cmtt/m/n/10 If you specify your own column names, and you're cons
tructing from a numpy.recarray,[] 
 []


Overfull \hbox (9.49683pt too wide) in paragraph at lines 300--300
[]       \OT1/cmtt/m/n/10 If constructing from a .data directory, colorings wil
l be automaticallly[] 
 []


Overfull \hbox (77.74623pt too wide) in paragraph at lines 330--330
[]     \OT1/cmtt/m/n/10 would be tedious for the user to have to remember to su
pply. Two instances of this are:[] 
 []


Overfull \hbox (40.3665pt too wide) in paragraph at lines 333--333
[]     \OT1/cmtt/m/n/10 interpreted by the browser's DotData- Html representati
on. The '[][]color[][]' column[] 
 []


Overfull \hbox (30.49664pt too wide) in paragraph at lines 334--334
[]     \OT1/cmtt/m/n/10 is expected in each row to contain a web-safe hex tripl
et color specification,[] 
 []


Overfull \hbox (160.2755pt too wide) in paragraph at lines 338--338
[]     \OT1/cmtt/m/n/10 are aggregates of data in other sets of rows for the .a
ggregate[]in method (see comments on that below).[] 
 []


Overfull \hbox (67.24632pt too wide) in paragraph at lines 344--344
[]                     \OT1/cmtt/m/n/10 a boolean in each row as to whether the
 row belongs to that group, or[] 
 []


Overfull \hbox (25.24669pt too wide) in paragraph at lines 345--345
[]             \OT1/cmtt/m/n/10 -- for a "type" of grouping consisting of sever
al nonintersecting row[] 
 []


Overfull \hbox (46.2465pt too wide) in paragraph at lines 346--346
[]                     \OT1/cmtt/m/n/10 groups, a single column specifying by s
ome string or integer code[] 
 []


Overfull \hbox (82.99619pt too wide) in paragraph at lines 347--347
[]                     \OT1/cmtt/m/n/10 which group the row belongs to.  (An ex
ample of this is the "Aggregates"[] 
 []


Overfull \hbox (81.52618pt too wide) in paragraph at lines 348--348
[]                     \OT1/cmtt/m/n/10 column used by the .aggregate[]in metho
d, see below for info about this.)[] 
 []


Overfull \hbox (19.99673pt too wide) in paragraph at lines 353--353
[]       \OT1/cmtt/m/n/10 DotData object.  (will be either type(DotData) or the
 type of a subclass).[] 
 []

[7] [8]
Overfull \vbox (728.0449pt too high) has occurred while \output is active []


[9]
Overfull \hbox (9.49683pt too wide) in paragraph at lines 465--465
[]\OT1/cmtt/m/n/10 - if you pass the name of an existing coloring, you get a Do
tData consisting of[] 
 []


Overfull \hbox (4.24687pt too wide) in paragraph at lines 468--468
[]\OT1/cmtt/m/n/10 - if you pass a list of existing coloring names and/or colum
n names, you get a[] 
 []


Overfull \hbox (4.24687pt too wide) in paragraph at lines 470--470
[]\OT1/cmtt/m/n/10 equivalent to list of names of columns in that coloring; dup
licate columns are[] 
 []


Overfull \hbox (2.77687pt too wide) in paragraph at lines 473--473
[]\OT1/cmtt/m/n/10 - if you pass a Python expression as a code object (see comp
ile[]expr()), where[] 
 []


Overfull \hbox (19.99673pt too wide) in paragraph at lines 475--475
[]\OT1/cmtt/m/n/10 for which the expression is true; more specifically, you get
 a DotData consisting[] 
 []


Overfull \hbox (9.49683pt too wide) in paragraph at lines 476--476
[]\OT1/cmtt/m/n/10 of copies of rows for which the expression evaluates to True
, in an environment[] 
 []


Overfull \hbox (4.24687pt too wide) in paragraph at lines 481--481
[]\OT1/cmtt/m/n/10 get a new DotData containing copies of these rows). Dictiona
ry entries mapping[] 
 []


Overfull \hbox (14.74678pt too wide) in paragraph at lines 491--491
[]\OT1/cmtt/m/n/10 See also: selectRows(), which lets you specify several row-s
election criteria at[] 
 []


Overfull \hbox (9.49683pt too wide) in paragraph at lines 492--492
[]\OT1/cmtt/m/n/10 once, and lets you pass an expression for selecting the rows
 as a string rather[] 
 []

[10] [11] [12]
LaTeX Font Info:    Try loading font information for OMS+cmtt on input line 768
.
LaTeX Font Info:    No file OMScmtt.fd. on input line 768.


LaTeX Font Warning: Font shape `OMS/cmtt/m/n' undefined
(Font)              using `OMS/cmsy/m/n' instead
(Font)              for symbol `textbackslash' on input line 768.

[13]) [14]
\openout2 = `Operations.DotDataFunctions-module.aux'.

 (./Operations.DotDataFunctions-module.tex) [15


]
\openout2 = `Operations.DotDataFunctions.AppendDotData-module.aux'.


(./Operations.DotDataFunctions.AppendDotData-module.tex
Overfull \hbox (88.24614pt too wide) in paragraph at lines 69--69
[]                        \OT1/cmtt/m/n/10 -- value on a column is a list of va
lues to be appended to that column[] 
 []

) [16


]
\openout2 = `Operations.DotDataFunctions.DictionaryOps-module.aux'.

 (./Operations.DotDataFunctions.DictionaryOps-module.tex) [17


]
\openout2 = `Operations.DotDataFunctions.DotDataListFromDirectory-module.aux'.


(./Operations.DotDataFunctions.DotDataListFromDirectory-module.tex
Overfull \hbox (21.29779pt too wide) in paragraph at lines 14--14
[]\OT1/cmr/bx/n/14.4 Module Op-er-a-tions.DotDataFunctions.DotDataListFromDirec
tory 
 []


Overfull \hbox (72.49628pt too wide) in paragraph at lines 41--41
[]        \OT1/cmtt/m/n/10 where datatype is the data type of the column data (
 int, int64, float, str, ... ),[] 
 []

) [18


]
\openout2 = `Operations.DotDataFunctions.DotDataListFromSV-module.aux'.

 (./Operations.DotDataFunctions.DotDataListFromSV-module.tex
Overfull \hbox (30.49664pt too wide) in paragraph at lines 39--39
[]\OT1/cmtt/m/n/10 and returns a list of columns (i.e. each list item is a list
 of data in one column,[] 
 []


Overfull \hbox (4.24687pt too wide) in paragraph at lines 40--40
[]\OT1/cmtt/m/n/10 converted to native Python types) and a list of column names
 (column headers).[] 
 []


Overfull \hbox (208.99509pt too wide) in paragraph at lines 47--47
[]    \OT1/cmtt/m/n/10 Delimiter - if given, the column separator in the file (
if not given, automatically inferred from file extension)[] 
 []


Overfull \hbox (4.24687pt too wide) in paragraph at lines 48--48
[]    \OT1/cmtt/m/n/10 LineBreak - if given, the line separator in the file (de
faults to newline)[] 
 []


Overfull \hbox (4.24687pt too wide) in paragraph at lines 52--52
[]       \OT1/cmtt/m/n/10 If both Header and SVHash are True, then we assume th
e header line also[] 
 []


Overfull \hbox (14.74678pt too wide) in paragraph at lines 55--55
[]    \OT1/cmtt/m/n/10 ToLoad - list of attribute names (column names) to load.
   each name in this[] 
 []

) [19


]
\openout2 = `Operations.DotDataFunctions.InferColoring-module.aux'.

 (./Operations.DotDataFunctions.InferColoring-module.tex) [20


]
\openout2 = `Operations.DotDataFunctions.SaveColumnsInDotData-module.aux'.


(./Operations.DotDataFunctions.SaveColumnsInDotData-module.tex) [21


]
\openout2 = `Operations.DotDataFunctions.SaveDotData-module.aux'.


(./Operations.DotDataFunctions.SaveDotData-module.tex) [22


]
\openout2 = `Operations.DotDataFunctions.SaveDotDataAsSV-module.aux'.


(./Operations.DotDataFunctions.SaveDotDataAsSV-module.tex) [23


]
\openout2 = `Operations.DotDataFunctions.datahstack-module.aux'.


(./Operations.DotDataFunctions.datahstack-module.tex) [24


]
\openout2 = `Operations.DotDataFunctions.datavstack-module.aux'.


(./Operations.DotDataFunctions.datavstack-module.tex) [25


]
\openout2 = `System-module.aux'.

 (./System-module.tex) [26


]
\openout2 = `System.Colors-module.aux'.

 (./System.Colors-module.tex) [27


]
\openout2 = `System.Gmail-module.aux'.

 (./System.Gmail-module.tex
LaTeX Font Info:    Try loading font information for OML+cmtt on input line 59.

LaTeX Font Info:    No file OMLcmtt.fd. on input line 59.


LaTeX Font Warning: Font shape `OML/cmtt/m/n' undefined
(Font)              using `OML/cmm/m/it' instead
(Font)              for symbol `textgreater' on input line 59.

) [28


]
\openout2 = `System.LinkManagement-module.aux'.

 (./System.LinkManagement-module.tex
Overfull \hbox (9.49683pt too wide) in paragraph at lines 71--71
[]\OT1/cmtt/m/n/10 --Parallel = The algorithm includes the ability to paralleli
ze if the system is[] 
 []

[29


] [30] [31]
Overfull \hbox (25.24669pt too wide) in paragraph at lines 355--355
[]   \OT1/cmtt/m/n/10 These are paths in filesystem, or subparts of paths. (e.g
. functions inside .py[] 
 []

[32]
Overfull \vbox (3.82274pt too high) has occurred while \output is active []


[33] [34] [35]
Overfull \hbox (4.24687pt too wide) in paragraph at lines 589--589
[]\OT1/cmtt/m/n/10 Convenience function printing out targets at specified level
 away from seed in[] 
 []

[36]
Overfull \hbox (30.49664pt too wide) in paragraph at lines 697--697
[]\OT1/cmtt/m/n/10 --Excetions = List of paths of scripts that should not be fi
ltered out, regardless.[] 
 []


Overfull \hbox (88.24614pt too wide) in paragraph at lines 698--698
[]\OT1/cmtt/m/n/10 --AutomaticUpdateFilters  : an optional list of filters can 
be passed in.  (but usually isn't)[] 
 []

[37] [38]) [39]
\openout2 = `System.MetaData-module.aux'.

 (./System.MetaData-module.tex
Overfull \hbox (18.49072pt too wide) in paragraph at lines 30--30
[]\OT1/cmtt/m/n/10 Metadata is similarly attached to functions in python module
s referenced via their dot-paths.[] 
 []


Overfull \hbox (7.99081pt too wide) in paragraph at lines 41--41
[]        \OT1/cmtt/m/n/10 e.g. Linklists local to the path, and graphviz-gener
ated graphs of these LinkLists.[] 
 []


Overfull \hbox (9.49683pt too wide) in paragraph at lines 80--80
[]\OT1/cmtt/m/n/10 the metadata dictionary in the file is updated with the NewM
etaData dictionary.[] 
 []


Overfull \hbox (19.99673pt too wide) in paragraph at lines 119--119
[]\OT1/cmtt/m/n/10 -- appends exit status information to opmetadatapath(F) + '/
ExitStatusRecord.csv'[] 
 []

[40


]) [41]
\openout2 = `System.Protocols-module.aux'.

 (./System.Protocols-module.tex
Overfull \hbox (140.74568pt too wide) in paragraph at lines 71--71
[]\OT1/cmtt/m/n/10 -- for each key, say 'FName' the value is a 3-tuple: (functi
on, internal arguments,  external arguments)[] 
 []


Overfull \hbox (19.99673pt too wide) in paragraph at lines 73--73
[]\OT1/cmtt/m/n/10 --function is the function -- the actual python function obj
ect, NOT the just the[] 
 []

[42


]
Overfull \vbox (39.82274pt too high) has occurred while \output is active []


[43]) [44]
\openout2 = `System.SVNOperations-module.aux'.

 (./System.SVNOperations-module.tex [45


]) [46]
\openout2 = `System.Scriptification-module.aux'.


(./System.Scriptification-module.tex) [47


]
\openout2 = `System.StaticAnalysis-module.aux'.

 (./System.StaticAnalysis-module.tex
Overfull \hbox (9.49683pt too wide) in paragraph at lines 41--41
[]\OT1/cmtt/m/n/10 Adds information about actual paths in  existence in the fil
e system to further[] 
 []


Overfull \hbox (35.7466pt too wide) in paragraph at lines 93--93
[]        \OT1/cmtt/m/n/10 the keys are names of scopes (e.g. classes and funct
ions) defined in the AST[] 
 []


Overfull \hbox (4.24687pt too wide) in paragraph at lines 94--94
[]        \OT1/cmtt/m/n/10 the values are names of functions and names mentione
d in the functions[] 
 []


Overfull \hbox (51.49646pt too wide) in paragraph at lines 97--97
[]        \OT1/cmtt/m/n/10 -- the keys are names of non-scoping names (those be
sides functions or classes)[] 
 []

[48


]) [49]
\openout2 = `System.Storage-module.aux'.

 (./System.Storage-module.tex
Overfull \hbox (13.24077pt too wide) in paragraph at lines 38--38
[]\OT1/cmtt/m/n/10 to obtain otherwise: for example, the list of names of pytho
n functions that might be called[] 
 []


Overfull \hbox (13.24077pt too wide) in paragraph at lines 40--40
[]\OT1/cmtt/m/n/10 determine what its dependencies are in the first place.   Th
is is the case with the function[] 
 []


Overfull \hbox (97.24004pt too wide) in paragraph at lines 67--67
[]        \OT1/cmtt/m/n/10 1) A directory or a file inside a directory  -- whos
e properties are "at the operating system level"[] 
 []

[50


]
Overfull \hbox (2.74086pt too wide) in paragraph at lines 82--82
[]        \OT1/cmtt/m/n/10 -- for each of several "Special Supported File Types
", store information about the[] 
 []


Overfull \hbox (26.05063pt too wide) in paragraph at lines 85--85
[]        \OT1/cmtt/m/n/10 -- provide an []extension[] of the stat and diff uti
lities that allows queries to specify[] 
 []


Overfull \hbox (7.99081pt too wide) in paragraph at lines 96--96
[]\OT1/cmtt/m/n/10 All other files are treated at the atomic level.  (In the fu
ture, other kinds of file parts[] 
 []


Overfull \hbox (28.99063pt too wide) in paragraph at lines 97--97
[]\OT1/cmtt/m/n/10 could be stored, e.g. records in a database by integrating d
atabase query routines .... etc...)[] 
 []


Overfull \hbox (19.99673pt too wide) in paragraph at lines 128--128
[]\OT1/cmtt/m/n/10 --objectname = name of object within that path, whose mod-ti
me is to be assessed.[] 
 []


Overfull \hbox (4.24687pt too wide) in paragraph at lines 131--131
[]        \OT1/cmtt/m/n/10 --HoldTimes[Path] is a timestamp that the system is 
meant to "pretend"[] 
 []


Overfull \hbox (25.24669pt too wide) in paragraph at lines 132--132
[]        \OT1/cmtt/m/n/10 is the mod time of Path, if Path comes up as a sourc
e or target during the[] 
 []


Overfull \hbox (14.74678pt too wide) in paragraph at lines 134--134
[]\OT1/cmtt/m/n/10 -- Simple = Boolean : if True, only looks just at the modtim
e of path; if False,[] 
 []


Overfull \hbox (9.49683pt too wide) in paragraph at lines 135--135
[]\OT1/cmtt/m/n/10 and if path is a directory, it looks recursively through the
 mod times of files[] 
 []


Overfull \hbox (30.49664pt too wide) in paragraph at lines 139--139
[]\OT1/cmtt/m/n/10 -- floating point number representing a mod-time, in seconds
 since the start of the[] 
 []


Overfull \hbox (4.24687pt too wide) in paragraph at lines 143--143
[]\OT1/cmtt/m/n/10 is a python module, and if then only if the objectname names
 an object defined[] 
 []


Overfull \hbox (4.24687pt too wide) in paragraph at lines 145--145
[]\OT1/cmtt/m/n/10 "live analysis" -- e.g importing the python module and inspe
cting its contents[] 
 []


Overfull \hbox (14.74678pt too wide) in paragraph at lines 150--150
[]\OT1/cmtt/m/n/10 file that the module is in.  [All of this is sort of built h
aphazardly in to the[] 
 []

[51]
Overfull \hbox (9.49683pt too wide) in paragraph at lines 174--174
[]\OT1/cmtt/m/n/10 Given a list of files and objects within those files, comput
es mtimes for them.[] 
 []


Overfull \hbox (56.74641pt too wide) in paragraph at lines 175--175
[]\OT1/cmtt/m/n/10 This is an optimization on top of FindMtimes, by inspecting 
a list of file/object pairs,[] 
 []


Overfull \hbox (4.24687pt too wide) in paragraph at lines 179--179
[]\OT1/cmtt/m/n/10 --FileParts: a python list of pairs (FileName, ObjectName) e
ach of which is to[] 
 []


Overfull \hbox (221.80495pt too wide) in paragraph at lines 200--200
[]\OT1/cmtt/m/n/10 ('../Users/Elaine/Playbox/Sports/ESPN[]NBA/NBATeamData.data'
, '../Users/Elaine/Playbox/Sports/ESPN[]NBA/NBATeamData.data')[] 
 []

[52] [53]
Overfull \hbox (30.49664pt too wide) in paragraph at lines 346--346
[]\OT1/cmtt/m/n/10 Given a python object obj, extract it for storage.   This is
 called by the function[] 
 []


Overfull \hbox (5.08682pt too wide) in paragraph at lines 352--352
[]\OT1/cmtt/m/n/10 --Execed = an []execfile'd[][] version of the same object, a
s opposed to imported.[] 
 []


Overfull \hbox (103.996pt too wide) in paragraph at lines 436--436
[]                \OT1/cmtt/m/n/10 version already on disk, and if the part has
n't changed, retain the old mod time,[] 
 []


Overfull \hbox (40.99655pt too wide) in paragraph at lines 437--437
[]                \OT1/cmtt/m/n/10 but if it has changed or is a new part not y
et stored, set the stored[] 
 []


Overfull \hbox (9.49683pt too wide) in paragraph at lines 442--442
[]\OT1/cmtt/m/n/10 the modification state of parts, if any modifications appear
 to have been made.[] 
 []

[54]
Overfull \vbox (162.04497pt too high) has occurred while \output is active []


[55] [56]) [57]
\openout2 = `System.SystemGraphOperations-module.aux'.

 (./System.SystemGraphOperations-module.tex
Overfull \hbox (19.99673pt too wide) in paragraph at lines 84--84
[]\OT1/cmtt/m/n/10 graph .svg file.  (also creates an html-ized version of the 
local linkgraph list.[] 
 []


Overfull \hbox (40.99655pt too wide) in paragraph at lines 91--91
[]                \OT1/cmtt/m/n/10 -- if Mode = 'ColPro' the collapse nodes bas
ed on their being part of[] 
 []


Overfull \hbox (9.49683pt too wide) in paragraph at lines 112--112
[]        \OT1/cmtt/m/n/10 message is an error message, if any (blank '' char i
f no error message)[] 
 []

[58


] [59]
Overfull \hbox (4.24687pt too wide) in paragraph at lines 189--189
[]        \OT1/cmtt/m/n/10 Edges is a python list of pairs of node names, repre
senting node edges[] 
 []

[60] [61]
Overfull \hbox (4.24687pt too wide) in paragraph at lines 459--459
[]        \OT1/cmtt/m/n/10 Edges is a python list of pairs of node names, repre
senting node edges[] 
 []

[62]) [63]
\openout2 = `System.Update-module.aux'.

 (./System.Update-module.tex [64


] [65]
Overfull \hbox (9.49683pt too wide) in paragraph at lines 215--215
[]        \OT1/cmtt/m/n/10 the file-system sense of "below") these top-level de
pendency path names[] 
 []


Overfull \hbox (19.99673pt too wide) in paragraph at lines 219--219
[]        \OT1/cmtt/m/n/10 changed since their last official build and therefor
e might be corrupted.[] 
 []

[66]
Overfull \hbox (4.24687pt too wide) in paragraph at lines 240--240
[]\OT1/cmtt/m/n/10 Given a seed and some options, call GetLinksBelow routine fr
om LinkManagement,[] 
 []


Overfull \hbox (19.99673pt too wide) in paragraph at lines 250--250
[]        \OT1/cmtt/m/n/10 dependency lists);  otherwise, look for changes belo
w (in the file-system[] 
 []


Overfull \hbox (35.7466pt too wide) in paragraph at lines 252--252
[]\OT1/cmtt/m/n/10 --Forced = act as if rebuilding the entire upstream tree, re
gardless of what appears[] 
 []


Overfull \hbox (35.7466pt too wide) in paragraph at lines 275--275
[]\OT1/cmtt/m/n/10 This function is the main driver of automatic updating in th
e system.  It takes in a[] 
 []


Overfull \hbox (25.24669pt too wide) in paragraph at lines 276--276
[]\OT1/cmtt/m/n/10 sequence of sets of links, and applies the scripts indicated
 by those links in the[] 
 []


Overfull \hbox (14.74678pt too wide) in paragraph at lines 277--277
[]\OT1/cmtt/m/n/10 proper order.  If possible, it saves previous outputs of the
se scripts in a safe[] 
 []


Overfull \hbox (4.24687pt too wide) in paragraph at lines 285--285
[]\OT1/cmtt/m/n/10 This function is not usually called directly by the user, bu
t instead with its[] 
 []

[67]) [68]
\openout2 = `System.Utils-module.aux'.

 (./System.Utils-module.tex
Overfull \hbox (61.99637pt too wide) in paragraph at lines 84--84
[]\OT1/cmtt/m/n/10 Given list of top-level directories, recursively gets a list
 of files in the directories.[] 
 []


Overfull \hbox (35.7466pt too wide) in paragraph at lines 167--167
[]        \OT1/cmtt/m/n/10 [D,s] where s is a permutation that will sort X, and
 D is the list of "first[] 
 []


Overfull \hbox (4.24687pt too wide) in paragraph at lines 169--169
[]        \OT1/cmtt/m/n/10 This can be used to produce a uniqified version of X
 by simply taking:[] 
 []

[69


]
Overfull \hbox (61.99637pt too wide) in paragraph at lines 199--199
[]        \OT1/cmtt/m/n/10 [D,s] where s is a permutation that will sort all th
e columsn of X in some order,[] 
 []


Overfull \hbox (4.24687pt too wide) in paragraph at lines 201--201
[]        \OT1/cmtt/m/n/10 This can be used to produce a uniqified version of X
 by simply taking:[] 
 []

[70] [71] [72]
Overfull \hbox (39.52655pt too wide) in paragraph at lines 869--869
[]\OT1/cmtt/m/n/10 LL1 = numpy.array(['../Data/Dan[]Data/', '../Users/DanYamins
/','../Users/SijiaWang/'])[] 
 []


Overfull \hbox (257.92458pt too wide) in paragraph at lines 873--873
[]\OT1/cmtt/m/n/10 LL2 = numpy.array(['../Data/Dan[]Data/NPR[]Puzzle[]Solutions
',     '../Data/Dan[]Data/NPR[]Puzzle[]Solutions/AmericaPensacolaPuzzle/',[] 
 []

[73] [74] [75] [76] [77]
Overfull \hbox (326.80403pt too wide) in paragraph at lines 1492--1492
[]\OT1/cmtt/m/n/10 in this module is that this will disturb the system i/o inte
rcept because this module needs to be execfiled FIRST before system[]io[]overri
de.[] 
 []


Overfull \hbox (4.24687pt too wide) in paragraph at lines 1543--1543
[]\OT1/cmtt/m/n/10 in this module is that this will disturb the system i/o inte
rcept because this[] 
 []

[78] [79]) [80]
\openout2 = `System.Web-module.aux'.

 (./System.Web-module.tex) [81


]
\openout2 = `System.Web.DotData2Html-module.aux'.


(./System.Web.DotData2Html-module.tex) [82


]
\openout2 = `System.Web.HTMLCreators-module.aux'.


(./System.Web.HTMLCreators-module.tex) [83


]
\openout2 = `System.Web.Tabular2Html-module.aux'.


(./System.Web.Tabular2Html-module.tex) [84


]
\openout2 = `System.Web.Tabular2HtmlOld-module.aux'.


(./System.Web.Tabular2HtmlOld-module.tex) [85


]
\openout2 = `System.Web.WebRepresentations-module.aux'.


(./System.Web.WebRepresentations-module.tex) [86


]
\openout2 = `System.Web.py2html-module.aux'.


(./System.Web.py2html-module.tex) [87


]
\openout2 = `System.Web.text2html-module.aux'.

 (./System.Web.text2html-module.tex
LaTeX Font Info:    Try loading font information for OML+cmr on input line 54.

(/opt/local/share/texmf-dist/tex/latex/base/omlcmr.fd
File: omlcmr.fd 1999/05/25 v2.5h Standard LaTeX font definitions
)
LaTeX Font Info:    Font shape `OML/cmr/m/n' in size <10> not available
(Font)              Font shape `OML/cmm/m/it' tried instead on input line 54.
) [88


]
\openout2 = `System.config-module.aux'.


(./System.config-module.tex) [89


]
\openout2 = `System.config.SetupFunctions-module.aux'.

 (./System.config.SetupFunctions-module.tex)
[90


]
\openout2 = `System.extraction-module.aux'.

 (./System.extraction-module.tex
Overfull \hbox (35.7466pt too wide) in paragraph at lines 40--40
[]\OT1/cmtt/m/n/10 as well as scripts necessary to produce downstream computed 
data from that raw data.[] 
 []


Overfull \hbox (14.74678pt too wide) in paragraph at lines 42--42
[]\OT1/cmtt/m/n/10 The extracted object is just a single "top-level directory" 
containing files and[] 
 []


Overfull \hbox (4.24687pt too wide) in paragraph at lines 43--43
[]\OT1/cmtt/m/n/10 directories copied from the file system; the directory subst
ructure within the[] 
 []


Overfull \hbox (56.74641pt too wide) in paragraph at lines 46--46
[]\OT1/cmtt/m/n/10 Seed = path or list of paths given as a string, or comma-sep
arated list of path strings,[] 
 []


Overfull \hbox (77.11618pt too wide) in paragraph at lines 49--49
[]        \OT1/cmtt/m/n/10 or              '../Data/Dan[]Data/RandomData/,../Da
ta/Dan[]Data/NPR[]Puzzle[]Solutions/'[] 
 []


Overfull \hbox (103.36595pt too wide) in paragraph at lines 50--50
[]        \OT1/cmtt/m/n/10 or              ['../Data/Dan[]Data/RandomData/', '.
./Data/Dan[]Data/NPR[]Puzzle[]Solutions/'][] 
 []


Overfull \hbox (51.49646pt too wide) in paragraph at lines 53--53
[]\OT1/cmtt/m/n/10 This function creates the path ToName if it doesn't exist, o
r overwrites it if it does.[] 
 []


Overfull \hbox (19.99673pt too wide) in paragraph at lines 110--110
[]\OT1/cmtt/m/n/10 Given a seed path (or list of paths), determines a list of a
ll raw (non-computed)[] 
 []


Overfull \hbox (56.74641pt too wide) in paragraph at lines 115--115
[]\OT1/cmtt/m/n/10 Seed = path or list of paths given as a string, or comma-sep
arated list of path strings,[] 
 []


Overfull \hbox (35.11655pt too wide) in paragraph at lines 118--118
[]\OT1/cmtt/m/n/10 or              '../Data/Dan[]Data/RandomData/,../Data/Dan[]
Data/NPR[]Puzzle[]Solutions/'[] 
 []


Overfull \hbox (61.36632pt too wide) in paragraph at lines 119--119
[]\OT1/cmtt/m/n/10 or              ['../Data/Dan[]Data/RandomData/', '../Data/D
an[]Data/NPR[]Puzzle[]Solutions/'][] 
 []


Overfull \hbox (61.99637pt too wide) in paragraph at lines 127--127
[]\OT1/cmtt/m/n/10 --B = boolean which is True when all paths listed in A actua
lly exist in the file system.[] 
 []

[91


]) [92]
\openout2 = `System.system_io_override-module.aux'.

 (./System.system_io_override-module.tex [93


]
Overfull \hbox (13.24077pt too wide) in paragraph at lines 75--75
[]                \OT1/cmtt/m/n/10 consistent with declarations -- is stored in
 some standard format and place.[] 
 []

[94] [95]) [96] (./api.ind
Overfull \hbox (6.27821pt too wide) in paragraph at lines 5--7
[]| \OT1/cmr/m/n/10 Classes.DotData.AddOrReplaceColumns \OT1/cmr/m/it/10 (func-

 []


Overfull \hbox (6.217pt too wide) in paragraph at lines 9--11
[]| \OT1/cmr/m/n/10 Classes.DotData.DotDataAggregate \OT1/cmr/m/it/10 (func-tio
n)\OT1/cmr/m/n/10 ,
 []


Overfull \hbox (2.38936pt too wide) in paragraph at lines 11--13
[]| \OT1/cmr/m/n/10 Classes.DotData.DotDataFromPathList \OT1/cmr/m/it/10 (func-

 []


Overfull \hbox (6.78967pt too wide) in paragraph at lines 25--27
[]| \OT1/cmr/m/n/10 Op-er-a-tions.DotDataFunctions.AppendDotData
 []


Overfull \hbox (9.34499pt too wide) in paragraph at lines 27--29
[]| \OT1/cmr/m/n/10 Op-er-a-tions.DotDataFunctions.datahstack \OT1/cmr/m/it/10 
(mod-
 []


Overfull \hbox (8.78943pt too wide) in paragraph at lines 29--31
[]| \OT1/cmr/m/n/10 Op-er-a-tions.DotDataFunctions.datavstack \OT1/cmr/m/it/10 
(mod-
 []


Overfull \hbox (25.6228pt too wide) in paragraph at lines 31--33
[]| \OT1/cmr/m/n/10 Op-er-a-tions.DotDataFunctions.DictionaryOps \OT1/cmr/m/it/
10 (mod-
 []


Overfull \hbox (53.45642pt too wide) in paragraph at lines 33--35
[]| \OT1/cmr/m/n/10 Op-er-a-tions.DotDataFunctions.DotDataListFromDirectory
 []


Overfull \hbox (25.20638pt too wide) in paragraph at lines 35--37
[]| \OT1/cmr/m/n/10 Op-er-a-tions.DotDataFunctions.DotDataListFromSV
 []


Overfull \hbox (19.90056pt too wide) in paragraph at lines 37--39
[]| \OT1/cmr/m/n/10 Op-er-a-tions.DotDataFunctions.InferColoring \OT1/cmr/m/it/
10 (mod-
 []


Overfull \hbox (39.62306pt too wide) in paragraph at lines 39--41
[]| \OT1/cmr/m/n/10 Op-er-a-tions.DotDataFunctions.SaveColumnsInDotData
 []


Overfull \hbox (19.845pt too wide) in paragraph at lines 41--43
[]| \OT1/cmr/m/n/10 Op-er-a-tions.DotDataFunctions.SaveDotData \OT1/cmr/m/it/10
 (mod-
 []


Overfull \hbox (16.56744pt too wide) in paragraph at lines 43--45
[]| \OT1/cmr/m/n/10 Op-er-a-tions.DotDataFunctions.SaveDotDataAsSV
 []


Overfull \hbox (17.40079pt too wide) in paragraph at lines 75--77
[]| \OT1/cmr/m/n/10 Sys-tem.LinkManagement.DownstreamAlongLinks
 []


Overfull \hbox (16.77829pt too wide) in paragraph at lines 77--79
[]| \OT1/cmr/m/n/10 Sys-tem.LinkManagement.DownstreamFiles \OT1/cmr/m/it/10 (fu
nc-
 []


Overfull \hbox (34.59529pt too wide) in paragraph at lines 79--81
[]| \OT1/cmr/m/n/10 Sys-tem.LinkManagement.FilterForAutomaticUpdates
 []


Overfull \hbox (3.93103pt too wide) in paragraph at lines 81--83
[]| \OT1/cmr/m/n/10 Sys-tem.LinkManagement.GetConnected \OT1/cmr/m/it/10 (func-

 []


Overfull \hbox (16.48666pt too wide) in paragraph at lines 83--85
[]| \OT1/cmr/m/n/10 Sys-tem.LinkManagement.GetDummyLinks \OT1/cmr/m/it/10 (func
-
 []


Overfull \hbox (14.68109pt too wide) in paragraph at lines 89--91
[]| \OT1/cmr/m/n/10 Sys-tem.LinkManagement.GetImpliedLinks \OT1/cmr/m/it/10 (fu
nc-
 []


Overfull \hbox (7.8755pt too wide) in paragraph at lines 91--93
[]| \OT1/cmr/m/n/10 Sys-tem.LinkManagement.GetLinksBelow \OT1/cmr/m/it/10 (func
-
 []


Overfull \hbox (4.44241pt too wide) in paragraph at lines 93--95
[]| \OT1/cmr/m/n/10 Sys-tem.LinkManagement.GetStoredDefaultVal
 []


Overfull \hbox (26.68112pt too wide) in paragraph at lines 95--97
[]| \OT1/cmr/m/n/10 Sys-tem.LinkManagement.GutsComputeLinks \OT1/cmr/m/it/10 (f
unc-
 []


Overfull \hbox (7.98413pt too wide) in paragraph at lines 97--99
[]| \OT1/cmr/m/n/10 Sys-tem.LinkManagement.LinksFromOperations
 []


Overfull \hbox (18.63945pt too wide) in paragraph at lines 99--101
[]| \OT1/cmr/m/n/10 Sys-tem.LinkManagement.LoadLiveModules \OT1/cmr/m/it/10 (fu
nc-
 []


Overfull \hbox (81.20651pt too wide) in paragraph at lines 101--103
[]| \OT1/cmr/m/n/10 Sys-tem.LinkManagement.ParallelComputeLinksFromOperations
 []


Overfull \hbox (6.25052pt too wide) in paragraph at lines 103--105
[]| \OT1/cmr/m/n/10 Sys-tem.LinkManagement.PropagateSeed \OT1/cmr/m/it/10 (func
-
 []


Overfull \hbox (43.24811pt too wide) in paragraph at lines 105--107
[]| \OT1/cmr/m/n/10 Sys-tem.LinkManagement.PropagateThroughLinkGraph
 []


Overfull \hbox (92.47043pt too wide) in paragraph at lines 107--109
[]| \OT1/cmr/m/n/10 Sys-tem.LinkManagement.PropagateThroughLinkGraphWithTimes
 []


Overfull \hbox (56.3037pt too wide) in paragraph at lines 109--111
[]| \OT1/cmr/m/n/10 Sys-tem.LinkManagement.PropagateUpThroughLinkGraph
 []


Overfull \hbox (31.34523pt too wide) in paragraph at lines 111--113
[]| \OT1/cmr/m/n/10 Sys-tem.LinkManagement.ReduceListOfSetsOfScripts
 []


Overfull \hbox (6.91151pt too wide) in paragraph at lines 113--115
[]| \OT1/cmr/m/n/10 Sys-tem.LinkManagement.SameRoot \OT1/cmr/m/it/10 (func-tion
)\OT1/cmr/m/n/10 ,
 []


Overfull \hbox (15.50874pt too wide) in paragraph at lines 115--117
[]| \OT1/cmr/m/n/10 Sys-tem.LinkManagement.UpdateGuts \OT1/cmr/m/it/10 (func-ti
on)\OT1/cmr/m/n/10 ,
 []


Overfull \hbox (5.31744pt too wide) in paragraph at lines 117--119
[]| \OT1/cmr/m/n/10 Sys-tem.LinkManagement.UpstreamAlongLinks
 []


Overfull \hbox (4.69495pt too wide) in paragraph at lines 119--121
[]| \OT1/cmr/m/n/10 Sys-tem.LinkManagement.UpstreamFiles \OT1/cmr/m/it/10 (func
-
 []


Overfull \hbox (8.0283pt too wide) in paragraph at lines 121--123
[]| \OT1/cmr/m/n/10 Sys-tem.LinkManagement.UpstreamLinks \OT1/cmr/m/it/10 (func
-
 []


Overfull \hbox (3.85591pt too wide) in paragraph at lines 124--126
[]| \OT1/cmr/m/n/10 Sys-tem.MetaData.AttachMetaData \OT1/cmr/m/it/10 (func-tion
)\OT1/cmr/m/n/10 ,
 []

[97


]
Overfull \hbox (5.01439pt too wide) in paragraph at lines 128--130
[]| \OT1/cmr/m/n/10 Sys-tem.MetaData.GetBrokenOperations \OT1/cmr/m/it/10 (func
-
 []


Overfull \hbox (10.30037pt too wide) in paragraph at lines 132--134
[]| \OT1/cmr/m/n/10 Sys-tem.MetaData.LastTimeChanged \OT1/cmr/m/it/10 (func-tio
n)\OT1/cmr/m/n/10 ,
 []


Overfull \hbox (14.97273pt too wide) in paragraph at lines 134--136
[]| \OT1/cmr/m/n/10 Sys-tem.MetaData.MakeRuntimeMetaData \OT1/cmr/m/it/10 (func
-
 []


Overfull \hbox (3.66151pt too wide) in paragraph at lines 136--138
[]| \OT1/cmr/m/n/10 Sys-tem.MetaData.metadatapath \OT1/cmr/m/it/10 (func-tion)\
OT1/cmr/m/n/10 , [][][][][][] 
 []


Overfull \hbox (1.77263pt too wide) in paragraph at lines 138--140
[]| \OT1/cmr/m/n/10 Sys-tem.MetaData.opmetadatapath \OT1/cmr/m/it/10 (func-tion
)\OT1/cmr/m/n/10 ,
 []


Overfull \hbox (1.93929pt too wide) in paragraph at lines 141--143
[]| \OT1/cmr/m/n/10 Sys-tem.Protocols.ApplyOperations \OT1/cmr/m/it/10 (func-ti
on)\OT1/cmr/m/n/10 ,
 []


Overfull \hbox (6.9393pt too wide) in paragraph at lines 143--145
[]| \OT1/cmr/m/n/10 Sys-tem.Protocols.ApplyOperations2 \OT1/cmr/m/it/10 (func-t
ion)\OT1/cmr/m/n/10 ,
 []


Overfull \hbox (1.99484pt too wide) in paragraph at lines 145--147
[]| \OT1/cmr/m/n/10 Sys-tem.Protocols.OpListUniqify \OT1/cmr/m/it/10 (func-tion
)\OT1/cmr/m/n/10 , [][][][][][] 
 []


Overfull \hbox (26.78967pt too wide) in paragraph at lines 148--150
[]| \OT1/cmr/m/n/10 Sys-tem.Scriptification.CommandDependencyIndices
 []


Overfull \hbox (5.06424pt too wide) in paragraph at lines 150--152
[]| \OT1/cmr/m/n/10 Sys-tem.Scriptification.GetNames \OT1/cmr/m/it/10 (func-tio
n)\OT1/cmr/m/n/10 , [][][][][][] 
 []


Overfull \hbox (3.70316pt too wide) in paragraph at lines 156--158
[]| \OT1/cmr/m/n/10 Sys-tem.Scriptification.UnrollGetatt \OT1/cmr/m/it/10 (func
-tion)\OT1/cmr/m/n/10 ,
 []


Overfull \hbox (7.52829pt too wide) in paragraph at lines 158--160
[]| \OT1/cmr/m/n/10 Sys-tem.Scriptification.WriteToPyModule \OT1/cmr/m/it/10 (f
unc-
 []


Overfull \hbox (24.52835pt too wide) in paragraph at lines 162--164
[]| \OT1/cmr/m/n/10 Sys-tem.StaticAnalysis.DictionaryOfListsAdd \OT1/cmr/m/it/1
0 (func-
 []


Overfull \hbox (1.23088pt too wide) in paragraph at lines 164--166
[]| \OT1/cmr/m/n/10 Sys-tem.StaticAnalysis.GetFullUses \OT1/cmr/m/it/10 (func-t
ion)\OT1/cmr/m/n/10 ,
 []


Overfull \hbox (7.23547pt too wide) in paragraph at lines 168--170
[]| \OT1/cmr/m/n/10 Sys-tem.StaticAnalysis.GetUsesFromAST \OT1/cmr/m/it/10 (fun
c-
 []


Overfull \hbox (8.74483pt too wide) in paragraph at lines 170--172
[]| \OT1/cmr/m/n/10 Sys-tem.StaticAnalysis.interpretation \OT1/cmr/m/it/10 (fun
c-tion)\OT1/cmr/m/n/10 ,
 []


Overfull \hbox (3.93925pt too wide) in paragraph at lines 172--174
[]| \OT1/cmr/m/n/10 Sys-tem.StaticAnalysis.ProperOrder \OT1/cmr/m/it/10 (func-t
ion)\OT1/cmr/m/n/10 ,
 []


Overfull \hbox (4.8976pt too wide) in paragraph at lines 174--176
[]| \OT1/cmr/m/n/10 Sys-tem.StaticAnalysis.UnrollGetatt \OT1/cmr/m/it/10 (func-
tion)\OT1/cmr/m/n/10 ,
 []


Overfull \hbox (20.8617pt too wide) in paragraph at lines 177--179
[]| \OT1/cmr/m/n/10 Sys-tem.Storage.BlockUpdateModuleStorage \OT1/cmr/m/it/10 (
func-
 []


Overfull \hbox (6.68925pt too wide) in paragraph at lines 179--181
[]| \OT1/cmr/m/n/10 Sys-tem.Storage.ClassMethodDumps \OT1/cmr/m/it/10 (func-tio
n)\OT1/cmr/m/n/10 ,
 []


Overfull \hbox (0.82816pt too wide) in paragraph at lines 187--189
[]| \OT1/cmr/m/n/10 Sys-tem.Storage.FunctionDumps \OT1/cmr/m/it/10 (func-tion)\
OT1/cmr/m/n/10 , [][][][][][] 
 []


Overfull \hbox (16.37549pt too wide) in paragraph at lines 189--191
[]| \OT1/cmr/m/n/10 Sys-tem.Storage.GetExtendedExecedNames \OT1/cmr/m/it/10 (fu
nc-
 []


Overfull \hbox (16.39758pt too wide) in paragraph at lines 191--193
[]| \OT1/cmr/m/n/10 Sys-tem.Storage.GetExtendedMembers \OT1/cmr/m/it/10 (func-t
ion)\OT1/cmr/m/n/10 ,
 []


Overfull \hbox (7.00865pt too wide) in paragraph at lines 193--195
[]| \OT1/cmr/m/n/10 Sys-tem.Storage.GetNestedObject \OT1/cmr/m/it/10 (func-tion
)\OT1/cmr/m/n/10 , [][][][][][] 
 []


Overfull \hbox (8.6476pt too wide) in paragraph at lines 195--197
[]| \OT1/cmr/m/n/10 Sys-tem.Storage.GetStoredModule \OT1/cmr/m/it/10 (func-tion
)\OT1/cmr/m/n/10 , [][][][][][] 
 []


Overfull \hbox (2.51436pt too wide) in paragraph at lines 197--199
[]| \OT1/cmr/m/n/10 Sys-tem.Storage.GetStoredModuleTimes \OT1/cmr/m/it/10 (func
-
 []


Overfull \hbox (13.61981pt too wide) in paragraph at lines 199--201
[]| \OT1/cmr/m/n/10 Sys-tem.Storage.GetStoredPathNames \OT1/cmr/m/it/10 (func-t
ion)\OT1/cmr/m/n/10 ,
 []


Overfull \hbox (1.16148pt too wide) in paragraph at lines 201--203
[]| \OT1/cmr/m/n/10 Sys-tem.Storage.ListFindMtimes \OT1/cmr/m/it/10 (func-tion)
\OT1/cmr/m/n/10 , [][][][][][] 
 []


Overfull \hbox (1.46718pt too wide) in paragraph at lines 203--205
[]| \OT1/cmr/m/n/10 Sys-tem.Storage.StoredModulePart \OT1/cmr/m/it/10 (class)\O
T1/cmr/m/n/10 , [][][][][][]--
 []


Overfull \hbox (16.68932pt too wide) in paragraph at lines 205--207
[]| \OT1/cmr/m/n/10 Sys-tem.Storage.UpdateModuleStorage \OT1/cmr/m/it/10 (func-
tion)\OT1/cmr/m/n/10 ,
 []


Overfull \hbox (3.05035pt too wide) in paragraph at lines 210--212
[]| \OT1/cmr/m/n/10 Sys-tem.SVNOperations.CheckIn \OT1/cmr/m/it/10 (func-tion)\
OT1/cmr/m/n/10 , [][][][][][] 
 []


Overfull \hbox (15.57814pt too wide) in paragraph at lines 212--214
[]| \OT1/cmr/m/n/10 Sys-tem.SVNOperations.DeleteMissing \OT1/cmr/m/it/10 (func-
tion)\OT1/cmr/m/n/10 ,
 []


Overfull \hbox (4.80603pt too wide) in paragraph at lines 214--216
[]| \OT1/cmr/m/n/10 Sys-tem.SVNOperations.EqualizeArchive \OT1/cmr/m/it/10 (fun
c-
 []


Overfull \hbox (11.50049pt too wide) in paragraph at lines 216--218
[]| \OT1/cmr/m/n/10 Sys-tem.SVNOperations.EqualizeRealFiles \OT1/cmr/m/it/10 (f
unc-
 []


Overfull \hbox (12.6116pt too wide) in paragraph at lines 218--220
[]| \OT1/cmr/m/n/10 Sys-tem.SVNOperations.ProcessSVNPaths \OT1/cmr/m/it/10 (fun
c-
 []


Overfull \hbox (13.55606pt too wide) in paragraph at lines 224--226
[]| \OT1/cmr/m/n/10 Sys-tem.SVNOperations.SVNArchiveName \OT1/cmr/m/it/10 (func
-
 []


Overfull \hbox (3.17007pt too wide) in paragraph at lines 230--232
[]| \OT1/cmr/m/n/10 Sys-tem.system[]io[]override.GetDependsCreates
 []


Overfull \hbox (4.3671pt too wide) in paragraph at lines 232--234
[]| \OT1/cmr/m/n/10 Sys-tem.system[]io[]override.IsntProtected \OT1/cmr/m/it/10
 (func-
 []


Overfull \hbox (3.68935pt too wide) in paragraph at lines 236--238
[]| \OT1/cmr/m/n/10 Sys-tem.system[]io[]override.system[]copy2 \OT1/cmr/m/it/10
 (func-
 []


Overfull \hbox (15.38379pt too wide) in paragraph at lines 238--240
[]| \OT1/cmr/m/n/10 Sys-tem.system[]io[]override.system[]copytree \OT1/cmr/m/it
/10 (func-
 []


Overfull \hbox (2.9671pt too wide) in paragraph at lines 240--242
[]| \OT1/cmr/m/n/10 Sys-tem.system[]io[]override.system[]exists \OT1/cmr/m/it/1
0 (func-
 []


Overfull \hbox (16.46715pt too wide) in paragraph at lines 242--244
[]| \OT1/cmr/m/n/10 Sys-tem.system[]io[]override.system[]getatime \OT1/cmr/m/it
/10 (func-
 []


Overfull \hbox (19.5227pt too wide) in paragraph at lines 244--246
[]| \OT1/cmr/m/n/10 Sys-tem.system[]io[]override.system[]getmtime \OT1/cmr/m/it
/10 (func-
 []

[98]
Overfull \hbox (4.32823pt too wide) in paragraph at lines 250--252
[]| \OT1/cmr/m/n/10 Sys-tem.system[]io[]override.system[]listdir \OT1/cmr/m/it/
10 (func-
 []


Overfull \hbox (17.66159pt too wide) in paragraph at lines 252--254
[]| \OT1/cmr/m/n/10 Sys-tem.system[]io[]override.system[]makedirs \OT1/cmr/m/it
/10 (func-
 []


Overfull \hbox (4.55048pt too wide) in paragraph at lines 254--256
[]| \OT1/cmr/m/n/10 Sys-tem.system[]io[]override.system[]mkdir \OT1/cmr/m/it/10
 (func-
 []


Overfull \hbox (9.55045pt too wide) in paragraph at lines 258--260
[]| \OT1/cmr/m/n/10 Sys-tem.system[]io[]override.system[]remove \OT1/cmr/m/it/1
0 (func-
 []


Overfull \hbox (10.38379pt too wide) in paragraph at lines 260--262
[]| \OT1/cmr/m/n/10 Sys-tem.system[]io[]override.system[]rename \OT1/cmr/m/it/1
0 (func-
 []


Overfull \hbox (7.35599pt too wide) in paragraph at lines 262--264
[]| \OT1/cmr/m/n/10 Sys-tem.system[]io[]override.system[]rmtree \OT1/cmr/m/it/1
0 (func-
 []


Overfull \hbox (2.83656pt too wide) in paragraph at lines 264--266
[]| \OT1/cmr/m/n/10 Sys-tem.SystemGraphOperations \OT1/cmr/m/it/10 (mod-ule)\OT
1/cmr/m/n/10 , [][][][][][]--[][][][][][] 
 []


Overfull \hbox (23.90077pt too wide) in paragraph at lines 266--268
[]| \OT1/cmr/m/n/10 Sys-tem.SystemGraphOperations.DeleteLinkGraphs
 []


Overfull \hbox (36.63692pt too wide) in paragraph at lines 268--270
[]| \OT1/cmr/m/n/10 Sys-tem.SystemGraphOperations.DeleteLocalLinkLists
 []


Overfull \hbox (45.83136pt too wide) in paragraph at lines 270--272
[]| \OT1/cmr/m/n/10 Sys-tem.SystemGraphOperations.EdgePropertiesSelector
 []


Overfull \hbox (38.24802pt too wide) in paragraph at lines 272--274
[]| \OT1/cmr/m/n/10 Sys-tem.SystemGraphOperations.EdgeTypeDeterminer
 []


Overfull \hbox (27.65074pt too wide) in paragraph at lines 274--276
[]| \OT1/cmr/m/n/10 Sys-tem.SystemGraphOperations.GetClusterTagDict
 []


Overfull \hbox (3.88829pt too wide) in paragraph at lines 276--278
[]| \OT1/cmr/m/n/10 Sys-tem.SystemGraphOperations.GetEQ \OT1/cmr/m/it/10 (func-

 []


Overfull \hbox (2.93103pt too wide) in paragraph at lines 278--280
[]| \OT1/cmr/m/n/10 Sys-tem.SystemGraphOperations.inverse \OT1/cmr/m/it/10 (fun
c-
 []


Overfull \hbox (10.22021pt too wide) in paragraph at lines 280--282
[]| \OT1/cmr/m/n/10 Sys-tem.SystemGraphOperations.IsProtocolPath
 []


Overfull \hbox (53.512pt too wide) in paragraph at lines 282--284
[]| \OT1/cmr/m/n/10 Sys-tem.SystemGraphOperations.LabeledGraphFromLinks
 []


Overfull \hbox (18.6811pt too wide) in paragraph at lines 284--286
[]| \OT1/cmr/m/n/10 Sys-tem.SystemGraphOperations.LabelFunc \OT1/cmr/m/it/10 (f
unc-
 []


Overfull \hbox (27.41472pt too wide) in paragraph at lines 286--288
[]| \OT1/cmr/m/n/10 Sys-tem.SystemGraphOperations.MakeLinkListHtml
 []


Overfull \hbox (39.67863pt too wide) in paragraph at lines 288--290
[]| \OT1/cmr/m/n/10 Sys-tem.SystemGraphOperations.MakeLocalLinkGraph
 []


Overfull \hbox (28.66472pt too wide) in paragraph at lines 290--292
[]| \OT1/cmr/m/n/10 Sys-tem.SystemGraphOperations.MakeLocalLinkList
 []


Overfull \hbox (25.4856pt too wide) in paragraph at lines 292--294
[]| \OT1/cmr/m/n/10 Sys-tem.SystemGraphOperations.MaximalCP \OT1/cmr/m/it/10 (f
unc-
 []


Overfull \hbox (2.38686pt too wide) in paragraph at lines 294--296
[]| \OT1/cmr/m/n/10 Sys-tem.SystemGraphOperations.MetaPathDir
 []


Overfull \hbox (30.47026pt too wide) in paragraph at lines 296--298
[]| \OT1/cmr/m/n/10 Sys-tem.SystemGraphOperations.MostCommonValue
 []


Overfull \hbox (46.80359pt too wide) in paragraph at lines 298--300
[]| \OT1/cmr/m/n/10 Sys-tem.SystemGraphOperations.NodePropertiesSelector
 []


Overfull \hbox (39.22025pt too wide) in paragraph at lines 300--302
[]| \OT1/cmr/m/n/10 Sys-tem.SystemGraphOperations.NodeTypeDeterminer
 []


Overfull \hbox (23.59778pt too wide) in paragraph at lines 302--304
[]| \OT1/cmr/m/n/10 Sys-tem.SystemGraphOperations.OutsideFile \OT1/cmr/m/it/10 
(func-
 []


Overfull \hbox (19.22015pt too wide) in paragraph at lines 304--306
[]| \OT1/cmr/m/n/10 Sys-tem.SystemGraphOperations.ProcessTwoDicts
 []


Overfull \hbox (25.4867pt too wide) in paragraph at lines 306--308
[]| \OT1/cmr/m/n/10 Sys-tem.SystemGraphOperations.SPathAlong \OT1/cmr/m/it/10 (
func-
 []


Overfull \hbox (30.67859pt too wide) in paragraph at lines 308--310
[]| \OT1/cmr/m/n/10 Sys-tem.SystemGraphOperations.WriteOutGraphDot
 []


Overfull \hbox (11.08392pt too wide) in paragraph at lines 311--313
[]| \OT1/cmr/m/n/10 Sys-tem.Update.FindOutWhatWillUpdate \OT1/cmr/m/it/10 (func
-
 []


Overfull \hbox (6.21704pt too wide) in paragraph at lines 319--321
[]| \OT1/cmr/m/n/10 Sys-tem.Update.printscriptrounds \OT1/cmr/m/it/10 (func-tio
n)\OT1/cmr/m/n/10 , [][][][][][] 
 []


Overfull \hbox (0.46701pt too wide) in paragraph at lines 334--336
[]| \OT1/cmr/m/n/10 Sys-tem.Utils.CheckInOutFormulae \OT1/cmr/m/it/10 (func-tio
n)\OT1/cmr/m/n/10 ,
 []


Overfull \hbox (8.07808pt too wide) in paragraph at lines 364--366
[]| \OT1/cmr/m/n/10 Sys-tem.Utils.FastRecarrayDifference \OT1/cmr/m/it/10 (func
-tion)\OT1/cmr/m/n/10 ,
 []


Overfull \hbox (6.38367pt too wide) in paragraph at lines 366--368
[]| \OT1/cmr/m/n/10 Sys-tem.Utils.FastRecarrayEquals \OT1/cmr/m/it/10 (func-tio
n)\OT1/cmr/m/n/10 , [][][][][][] 
 []


Overfull \hbox (16.1059pt too wide) in paragraph at lines 368--370
[]| \OT1/cmr/m/n/10 Sys-tem.Utils.FastRecarrayEqualsPairs \OT1/cmr/m/it/10 (fun
c-tion)\OT1/cmr/m/n/10 ,
 []

[99]
Overfull \hbox (22.12552pt too wide) in paragraph at lines 380--382
[]| \OT1/cmr/m/n/10 Sys-tem.Utils.GetDataEnvironmentDirectory \OT1/cmr/m/it/10 
(func-
 []


Overfull \hbox (20.29218pt too wide) in paragraph at lines 384--386
[]| \OT1/cmr/m/n/10 Sys-tem.Utils.GetFunctionsDefinedInModule \OT1/cmr/m/it/10 
(func-
 []


Overfull \hbox (4.66461pt too wide) in paragraph at lines 386--388
[]| \OT1/cmr/m/n/10 Sys-tem.Utils.GetFunctionsMentionedInModule
 []


Overfull \hbox (6.71706pt too wide) in paragraph at lines 394--396
[]| \OT1/cmr/m/n/10 Sys-tem.Utils.getpathstrictlyalong \OT1/cmr/m/it/10 (func-t
ion)\OT1/cmr/m/n/10 , [][][][][][] 
 []


Overfull \hbox (22.76439pt too wide) in paragraph at lines 396--398
[]| \OT1/cmr/m/n/10 Sys-tem.Utils.GetTimeStampedArchiveName \OT1/cmr/m/it/10 (f
unc-
 []


Overfull \hbox (5.63367pt too wide) in paragraph at lines 406--408
[]| \OT1/cmr/m/n/10 Sys-tem.Utils.ListArrayTranspose \OT1/cmr/m/it/10 (func-tio
n)\OT1/cmr/m/n/10 , [][][][][][] 
 []


Overfull \hbox (2.2726pt too wide) in paragraph at lines 419--421
[]| \OT1/cmr/m/n/10 Sys-tem.Utils.MakeDirWithDummy \OT1/cmr/m/it/10 (func-tion)
\OT1/cmr/m/n/10 ,
 []


Overfull \hbox (5.71709pt too wide) in paragraph at lines 426--428
[]| \OT1/cmr/m/n/10 Sys-tem.Utils.MaximalCommonPath \OT1/cmr/m/it/10 (func-tion
)\OT1/cmr/m/n/10 ,
 []


Overfull \hbox (0.24487pt too wide) in paragraph at lines 428--430
[]| \OT1/cmr/m/n/10 Sys-tem.Utils.maximalpathalong \OT1/cmr/m/it/10 (func-tion)
\OT1/cmr/m/n/10 , [][][][][][] 
 []


Overfull \hbox (8.46149pt too wide) in paragraph at lines 440--442
[]| \OT1/cmr/m/n/10 Sys-tem.Utils.open[]for[]read[]universal \OT1/cmr/m/it/10 (
func-tion)\OT1/cmr/m/n/10 ,
 []


Overfull \hbox (7.18929pt too wide) in paragraph at lines 464--466
[]| \OT1/cmr/m/n/10 Sys-tem.Utils.SimpleColumnStack \OT1/cmr/m/it/10 (func-tion
)\OT1/cmr/m/n/10 , [][][][][][] 
 []


Overfull \hbox (1.48921pt too wide) in paragraph at lines 494--496
[]| \OT1/cmr/m/n/10 Sys-tem.Web.WebRepresentations \OT1/cmr/m/it/10 (mod-ule)\O
T1/cmr/m/n/10 , [][][][][][] 
 []

[100]) (./api.aux (./Classes-module.aux) (./Classes.DotData-module.aux)
(./Operations.DotDataFunctions-module.aux)
(./Operations.DotDataFunctions.AppendDotData-module.aux)
(./Operations.DotDataFunctions.DictionaryOps-module.aux)
(./Operations.DotDataFunctions.DotDataListFromDirectory-module.aux)
(./Operations.DotDataFunctions.DotDataListFromSV-module.aux)
(./Operations.DotDataFunctions.InferColoring-module.aux)
(./Operations.DotDataFunctions.SaveColumnsInDotData-module.aux)
(./Operations.DotDataFunctions.SaveDotData-module.aux)
(./Operations.DotDataFunctions.SaveDotDataAsSV-module.aux)
(./Operations.DotDataFunctions.datahstack-module.aux)
(./Operations.DotDataFunctions.datavstack-module.aux) (./System-module.aux)
(./System.Colors-module.aux) (./System.Gmail-module.aux)
(./System.LinkManagement-module.aux) (./System.MetaData-module.aux)
(./System.Protocols-module.aux) (./System.SVNOperations-module.aux)
(./System.Scriptification-module.aux) (./System.StaticAnalysis-module.aux)
(./System.Storage-module.aux) (./System.SystemGraphOperations-module.aux)
(./System.Update-module.aux) (./System.Utils-module.aux)
(./System.Web-module.aux) (./System.Web.DotData2Html-module.aux)
(./System.Web.HTMLCreators-module.aux) (./System.Web.Tabular2Html-module.aux)
(./System.Web.Tabular2HtmlOld-module.aux)
(./System.Web.WebRepresentations-module.aux) (./System.Web.py2html-module.aux)
(./System.Web.text2html-module.aux) (./System.config-module.aux)
(./System.config.SetupFunctions-module.aux) (./System.extraction-module.aux)
(./System.system_io_override-module.aux))

LaTeX Font Warning: Some font shapes were not available, defaults substituted.


LaTeX Warning: Label(s) may have changed. Rerun to get cross-references right.

 ) 
Here is how much of TeX's memory you used:
 4306 strings out of 94074
 72642 string characters out of 1164820
 148883 words of memory out of 1500000
 7254 multiletter control sequences out of 10000+50000
 13023 words of font info for 50 fonts, out of 1200000 for 2000
 645 hyphenation exceptions out of 8191
 35i,12n,43p,768b,448s stack positions out of 5000i,500n,6000p,200000b,5000s

Output written on api.dvi (100 pages, 435620 bytes).
